{
  message: 'Listening port on 3000',
  level: 'info',
  timestamp: 'Sep-15-2023 16:33:06'
}
{
  message: 'Listening port on 3500',
  level: 'info',
  timestamp: 'Sep-15-2023 16:33:33'
}
{
  message: 'Listening port on 3500',
  level: 'info',
  timestamp: 'Sep-15-2023 16:35:09'
}
{
  message: 'Listening port on 3000',
  level: 'info',
  timestamp: 'Sep-15-2023 16:35:36'
}
{
  message: 'Listening port on 3000',
  level: 'info',
  timestamp: 'Sep-15-2023 16:36:42'
}
{
  message: 'Listening port on 3000',
  level: 'info',
  timestamp: 'Sep-15-2023 16:55:16'
}
{
  message: "Identifier 'express' has already been declared",
  level: 'error',
  timestamp: 'Sep-15-2023 16:58:31'
}
{
  message: 'Listening port on 3000',
  level: 'info',
  timestamp: 'Sep-15-2023 16:58:31'
}
{
  message: 'Listening port on 3000',
  level: 'info',
  timestamp: 'Sep-15-2023 16:58:53'
}
{
  message: 'Listening port on 3000',
  level: 'info',
  timestamp: 'Sep-16-2023 11:23:59'
}
{
  message: 'Listening port on 3000',
  level: 'info',
  timestamp: 'Sep-16-2023 11:31:02'
}
{
  message: 'Listening port on 3000',
  level: 'info',
  timestamp: 'Sep-16-2023 12:11:38'
}
{
  message: 'Listening port on 3000',
  level: 'info',
  timestamp: 'Sep-16-2023 12:29:38'
}
{
  message: 'Listening port on 3000',
  level: 'info',
  timestamp: 'Sep-16-2023 12:30:30'
}
{
  message: 'Listening port on 3000',
  level: 'info',
  timestamp: 'Sep-16-2023 17:14:19'
}
